{"/home/antoine/Bureau/MyGitHub/tp-jest/sum.js": {"path":"/home/antoine/Bureau/MyGitHub/tp-jest/sum.js","statementMap":{"0":{"start":{"line":2,"column":4},"end":{"line":2,"column":17}},"1":{"start":{"line":6,"column":18},"end":{"line":6,"column":20}},"2":{"start":{"line":7,"column":4},"end":{"line":20,"column":5}},"3":{"start":{"line":7,"column":16},"end":{"line":7,"column":17}},"4":{"start":{"line":8,"column":8},"end":{"line":19,"column":9}},"5":{"start":{"line":9,"column":12},"end":{"line":9,"column":37}},"6":{"start":{"line":11,"column":13},"end":{"line":19,"column":9}},"7":{"start":{"line":12,"column":12},"end":{"line":12,"column":33}},"8":{"start":{"line":14,"column":13},"end":{"line":19,"column":9}},"9":{"start":{"line":15,"column":12},"end":{"line":15,"column":33}},"10":{"start":{"line":18,"column":12},"end":{"line":18,"column":28}},"11":{"start":{"line":21,"column":0},"end":{"line":21,"column":15}},"12":{"start":{"line":24,"column":13},"end":{"line":26,"column":56}},"13":{"start":{"line":27,"column":13},"end":{"line":27,"column":30}},"14":{"start":{"line":28,"column":18},"end":{"line":28,"column":38}},"15":{"start":{"line":30,"column":0},"end":{"line":39,"column":1}},"16":{"start":{"line":30,"column":12},"end":{"line":30,"column":13}},"17":{"start":{"line":31,"column":12},"end":{"line":31,"column":33}},"18":{"start":{"line":32,"column":4},"end":{"line":32,"column":78}},"19":{"start":{"line":41,"column":0},"end":{"line":41,"column":21}}},"fnMap":{"0":{"name":"sum","decl":{"start":{"line":1,"column":9},"end":{"line":1,"column":12}},"loc":{"start":{"line":1,"column":18},"end":{"line":3,"column":1}},"line":1},"1":{"name":"fizzBuzz","decl":{"start":{"line":5,"column":9},"end":{"line":5,"column":17}},"loc":{"start":{"line":5,"column":21},"end":{"line":22,"column":1}},"line":5}},"branchMap":{"0":{"loc":{"start":{"line":8,"column":8},"end":{"line":19,"column":9}},"type":"if","locations":[{"start":{"line":8,"column":8},"end":{"line":19,"column":9}},{"start":{"line":8,"column":8},"end":{"line":19,"column":9}}],"line":8},"1":{"loc":{"start":{"line":11,"column":13},"end":{"line":19,"column":9}},"type":"if","locations":[{"start":{"line":11,"column":13},"end":{"line":19,"column":9}},{"start":{"line":11,"column":13},"end":{"line":19,"column":9}}],"line":11},"2":{"loc":{"start":{"line":14,"column":13},"end":{"line":19,"column":9}},"type":"if","locations":[{"start":{"line":14,"column":13},"end":{"line":19,"column":9}},{"start":{"line":14,"column":13},"end":{"line":19,"column":9}}],"line":14}},"s":{"0":1,"1":0,"2":0,"3":0,"4":0,"5":0,"6":0,"7":0,"8":0,"9":0,"10":0,"11":0,"12":1,"13":1,"14":1,"15":1,"16":1,"17":15,"18":15,"19":1},"f":{"0":1,"1":0},"b":{"0":[0,0],"1":[0,0],"2":[0,0]},"_coverageSchema":"43e27e138ebf9cfc5966b082cf9a028302ed4184","hash":"6e01aa57db6620c649c7cab10c9bc5f0b94d63cb"}
,"/home/antoine/Bureau/MyGitHub/tp-jest/src/book.repository.js": {"path":"/home/antoine/Bureau/MyGitHub/tp-jest/src/book.repository.js","statementMap":{"0":{"start":{"line":7,"column":8},"end":{"line":7,"column":21}},"1":{"start":{"line":11,"column":8},"end":{"line":11,"column":48}},"2":{"start":{"line":18,"column":20},"end":{"line":18,"column":55}},"3":{"start":{"line":19,"column":8},"end":{"line":19,"column":21}},"4":{"start":{"line":26,"column":18},"end":{"line":26,"column":21}},"5":{"start":{"line":27,"column":8},"end":{"line":30,"column":9}},"6":{"start":{"line":28,"column":22},"end":{"line":28,"column":29}},"7":{"start":{"line":29,"column":12},"end":{"line":29,"column":28}},"8":{"start":{"line":31,"column":8},"end":{"line":31,"column":19}},"9":{"start":{"line":39,"column":18},"end":{"line":39,"column":20}},"10":{"start":{"line":40,"column":8},"end":{"line":44,"column":9}},"11":{"start":{"line":41,"column":12},"end":{"line":43,"column":13}},"12":{"start":{"line":42,"column":16},"end":{"line":42,"column":25}},"13":{"start":{"line":45,"column":8},"end":{"line":45,"column":32}},"14":{"start":{"line":74,"column":0},"end":{"line":74,"column":32}}},"fnMap":{"0":{"name":"(anonymous_0)","decl":{"start":{"line":6,"column":4},"end":{"line":6,"column":5}},"loc":{"start":{"line":6,"column":20},"end":{"line":8,"column":5}},"line":6},"1":{"name":"(anonymous_1)","decl":{"start":{"line":10,"column":4},"end":{"line":10,"column":5}},"loc":{"start":{"line":10,"column":16},"end":{"line":12,"column":5}},"line":10},"2":{"name":"(anonymous_2)","decl":{"start":{"line":17,"column":4},"end":{"line":17,"column":5}},"loc":{"start":{"line":17,"column":20},"end":{"line":20,"column":5}},"line":17},"3":{"name":"(anonymous_3)","decl":{"start":{"line":25,"column":4},"end":{"line":25,"column":5}},"loc":{"start":{"line":25,"column":20},"end":{"line":32,"column":5}},"line":25},"4":{"name":"(anonymous_4)","decl":{"start":{"line":38,"column":4},"end":{"line":38,"column":5}},"loc":{"start":{"line":38,"column":28},"end":{"line":46,"column":5}},"line":38},"5":{"name":"(anonymous_5)","decl":{"start":{"line":67,"column":4},"end":{"line":67,"column":5}},"loc":{"start":{"line":67,"column":38},"end":{"line":69,"column":5}},"line":67}},"branchMap":{},"s":{"0":2,"1":1,"2":1,"3":1,"4":0,"5":0,"6":0,"7":0,"8":0,"9":0,"10":0,"11":0,"12":0,"13":0,"14":1},"f":{"0":2,"1":1,"2":1,"3":0,"4":0,"5":0},"b":{},"_coverageSchema":"43e27e138ebf9cfc5966b082cf9a028302ed4184","hash":"eea8af41a793c6744b4076a66225bbe5ffea0647"}
,"/home/antoine/Bureau/MyGitHub/tp-jest/src/interval.js": {"path":"/home/antoine/Bureau/MyGitHub/tp-jest/src/interval.js","statementMap":{"0":{"start":{"line":3,"column":8},"end":{"line":3,"column":27}},"1":{"start":{"line":4,"column":8},"end":{"line":4,"column":22}},"2":{"start":{"line":10,"column":8},"end":{"line":10,"column":55}},"3":{"start":{"line":28,"column":8},"end":{"line":28,"column":70}},"4":{"start":{"line":48,"column":18},"end":{"line":48,"column":25}},"5":{"start":{"line":49,"column":8},"end":{"line":53,"column":9}},"6":{"start":{"line":50,"column":12},"end":{"line":50,"column":23}},"7":{"start":{"line":52,"column":12},"end":{"line":52,"column":24}},"8":{"start":{"line":54,"column":8},"end":{"line":54,"column":19}},"9":{"start":{"line":74,"column":27},"end":{"line":74,"column":29}},"10":{"start":{"line":75,"column":26},"end":{"line":75,"column":40}},"11":{"start":{"line":77,"column":8},"end":{"line":99,"column":9}},"12":{"start":{"line":78,"column":12},"end":{"line":78,"column":36}},"13":{"start":{"line":79,"column":12},"end":{"line":79,"column":40}},"14":{"start":{"line":82,"column":13},"end":{"line":99,"column":9}},"15":{"start":{"line":83,"column":12},"end":{"line":83,"column":43}},"16":{"start":{"line":84,"column":12},"end":{"line":84,"column":43}},"17":{"start":{"line":85,"column":12},"end":{"line":85,"column":43}},"18":{"start":{"line":87,"column":13},"end":{"line":99,"column":9}},"19":{"start":{"line":88,"column":12},"end":{"line":88,"column":47}},"20":{"start":{"line":89,"column":12},"end":{"line":89,"column":39}},"21":{"start":{"line":90,"column":12},"end":{"line":90,"column":43}},"22":{"start":{"line":92,"column":13},"end":{"line":99,"column":9}},"23":{"start":{"line":93,"column":12},"end":{"line":93,"column":43}},"24":{"start":{"line":94,"column":12},"end":{"line":94,"column":39}},"25":{"start":{"line":96,"column":13},"end":{"line":99,"column":9}},"26":{"start":{"line":97,"column":12},"end":{"line":97,"column":47}},"27":{"start":{"line":98,"column":12},"end":{"line":98,"column":43}},"28":{"start":{"line":101,"column":8},"end":{"line":101,"column":28}},"29":{"start":{"line":121,"column":27},"end":{"line":121,"column":29}},"30":{"start":{"line":122,"column":20},"end":{"line":122,"column":21}},"31":{"start":{"line":124,"column":8},"end":{"line":141,"column":9}},"32":{"start":{"line":125,"column":12},"end":{"line":125,"column":32}},"33":{"start":{"line":128,"column":13},"end":{"line":141,"column":9}},"34":{"start":{"line":129,"column":12},"end":{"line":129,"column":42}},"35":{"start":{"line":131,"column":13},"end":{"line":141,"column":9}},"36":{"start":{"line":132,"column":12},"end":{"line":132,"column":38}},"37":{"start":{"line":135,"column":13},"end":{"line":141,"column":9}},"38":{"start":{"line":136,"column":12},"end":{"line":136,"column":51}},"39":{"start":{"line":139,"column":13},"end":{"line":141,"column":9}},"40":{"start":{"line":140,"column":12},"end":{"line":140,"column":51}},"41":{"start":{"line":161,"column":24},"end":{"line":161,"column":26}},"42":{"start":{"line":162,"column":23},"end":{"line":162,"column":37}},"43":{"start":{"line":163,"column":23},"end":{"line":163,"column":37}},"44":{"start":{"line":164,"column":8},"end":{"line":192,"column":9}},"45":{"start":{"line":165,"column":12},"end":{"line":165,"column":33}},"46":{"start":{"line":166,"column":12},"end":{"line":166,"column":37}},"47":{"start":{"line":167,"column":12},"end":{"line":167,"column":30}},"48":{"start":{"line":167,"column":31},"end":{"line":167,"column":53}},"49":{"start":{"line":168,"column":12},"end":{"line":168,"column":35}},"50":{"start":{"line":169,"column":12},"end":{"line":169,"column":29}},"51":{"start":{"line":171,"column":13},"end":{"line":192,"column":9}},"52":{"start":{"line":172,"column":12},"end":{"line":172,"column":38}},"53":{"start":{"line":173,"column":12},"end":{"line":173,"column":40}},"54":{"start":{"line":174,"column":12},"end":{"line":174,"column":36}},"55":{"start":{"line":175,"column":12},"end":{"line":175,"column":38}},"56":{"start":{"line":176,"column":12},"end":{"line":176,"column":35}},"57":{"start":{"line":177,"column":12},"end":{"line":177,"column":35}},"58":{"start":{"line":178,"column":12},"end":{"line":178,"column":30}},"59":{"start":{"line":178,"column":31},"end":{"line":178,"column":53}},"60":{"start":{"line":179,"column":12},"end":{"line":179,"column":35}},"61":{"start":{"line":180,"column":12},"end":{"line":180,"column":29}},"62":{"start":{"line":182,"column":13},"end":{"line":192,"column":9}},"63":{"start":{"line":183,"column":12},"end":{"line":183,"column":42}},"64":{"start":{"line":184,"column":12},"end":{"line":184,"column":36}},"65":{"start":{"line":185,"column":12},"end":{"line":185,"column":40}},"66":{"start":{"line":186,"column":12},"end":{"line":186,"column":34}},"67":{"start":{"line":187,"column":12},"end":{"line":187,"column":35}},"68":{"start":{"line":188,"column":12},"end":{"line":188,"column":35}},"69":{"start":{"line":189,"column":12},"end":{"line":189,"column":30}},"70":{"start":{"line":189,"column":31},"end":{"line":189,"column":53}},"71":{"start":{"line":190,"column":12},"end":{"line":190,"column":35}},"72":{"start":{"line":191,"column":12},"end":{"line":191,"column":29}},"73":{"start":{"line":196,"column":18},"end":{"line":196,"column":36}},"74":{"start":{"line":197,"column":18},"end":{"line":197,"column":36}},"75":{"start":{"line":199,"column":0},"end":{"line":199,"column":44}},"76":{"start":{"line":201,"column":0},"end":{"line":201,"column":26}}},"fnMap":{"0":{"name":"(anonymous_0)","decl":{"start":{"line":2,"column":4},"end":{"line":2,"column":5}},"loc":{"start":{"line":2,"column":28},"end":{"line":5,"column":5}},"line":2},"1":{"name":"(anonymous_1)","decl":{"start":{"line":9,"column":4},"end":{"line":9,"column":5}},"loc":{"start":{"line":9,"column":15},"end":{"line":11,"column":5}},"line":9},"2":{"name":"(anonymous_2)","decl":{"start":{"line":27,"column":4},"end":{"line":27,"column":5}},"loc":{"start":{"line":27,"column":23},"end":{"line":29,"column":5}},"line":27},"3":{"name":"(anonymous_3)","decl":{"start":{"line":47,"column":4},"end":{"line":47,"column":5}},"loc":{"start":{"line":47,"column":23},"end":{"line":55,"column":5}},"line":47},"4":{"name":"(anonymous_4)","decl":{"start":{"line":73,"column":4},"end":{"line":73,"column":5}},"loc":{"start":{"line":73,"column":20},"end":{"line":102,"column":5}},"line":73},"5":{"name":"(anonymous_5)","decl":{"start":{"line":120,"column":4},"end":{"line":120,"column":5}},"loc":{"start":{"line":120,"column":27},"end":{"line":142,"column":5}},"line":120},"6":{"name":"(anonymous_6)","decl":{"start":{"line":160,"column":4},"end":{"line":160,"column":5}},"loc":{"start":{"line":160,"column":24},"end":{"line":193,"column":5}},"line":160}},"branchMap":{"0":{"loc":{"start":{"line":28,"column":15},"end":{"line":28,"column":69}},"type":"binary-expr","locations":[{"start":{"line":28,"column":15},"end":{"line":28,"column":40}},{"start":{"line":28,"column":44},"end":{"line":28,"column":69}}],"line":28},"1":{"loc":{"start":{"line":49,"column":8},"end":{"line":53,"column":9}},"type":"if","locations":[{"start":{"line":49,"column":8},"end":{"line":53,"column":9}},{"start":{"line":49,"column":8},"end":{"line":53,"column":9}}],"line":49},"2":{"loc":{"start":{"line":49,"column":11},"end":{"line":49,"column":67}},"type":"binary-expr","locations":[{"start":{"line":49,"column":11},"end":{"line":49,"column":39}},{"start":{"line":49,"column":43},"end":{"line":49,"column":67}}],"line":49},"3":{"loc":{"start":{"line":77,"column":8},"end":{"line":99,"column":9}},"type":"if","locations":[{"start":{"line":77,"column":8},"end":{"line":99,"column":9}},{"start":{"line":77,"column":8},"end":{"line":99,"column":9}}],"line":77},"4":{"loc":{"start":{"line":77,"column":11},"end":{"line":77,"column":67}},"type":"binary-expr","locations":[{"start":{"line":77,"column":11},"end":{"line":77,"column":37}},{"start":{"line":77,"column":41},"end":{"line":77,"column":67}}],"line":77},"5":{"loc":{"start":{"line":82,"column":13},"end":{"line":99,"column":9}},"type":"if","locations":[{"start":{"line":82,"column":13},"end":{"line":99,"column":9}},{"start":{"line":82,"column":13},"end":{"line":99,"column":9}}],"line":82},"6":{"loc":{"start":{"line":87,"column":13},"end":{"line":99,"column":9}},"type":"if","locations":[{"start":{"line":87,"column":13},"end":{"line":99,"column":9}},{"start":{"line":87,"column":13},"end":{"line":99,"column":9}}],"line":87},"7":{"loc":{"start":{"line":92,"column":13},"end":{"line":99,"column":9}},"type":"if","locations":[{"start":{"line":92,"column":13},"end":{"line":99,"column":9}},{"start":{"line":92,"column":13},"end":{"line":99,"column":9}}],"line":92},"8":{"loc":{"start":{"line":92,"column":16},"end":{"line":92,"column":72}},"type":"binary-expr","locations":[{"start":{"line":92,"column":16},"end":{"line":92,"column":44}},{"start":{"line":92,"column":48},"end":{"line":92,"column":72}}],"line":92},"9":{"loc":{"start":{"line":96,"column":13},"end":{"line":99,"column":9}},"type":"if","locations":[{"start":{"line":96,"column":13},"end":{"line":99,"column":9}},{"start":{"line":96,"column":13},"end":{"line":99,"column":9}}],"line":96},"10":{"loc":{"start":{"line":96,"column":16},"end":{"line":96,"column":72}},"type":"binary-expr","locations":[{"start":{"line":96,"column":16},"end":{"line":96,"column":44}},{"start":{"line":96,"column":48},"end":{"line":96,"column":72}}],"line":96},"11":{"loc":{"start":{"line":124,"column":8},"end":{"line":141,"column":9}},"type":"if","locations":[{"start":{"line":124,"column":8},"end":{"line":141,"column":9}},{"start":{"line":124,"column":8},"end":{"line":141,"column":9}}],"line":124},"12":{"loc":{"start":{"line":124,"column":12},"end":{"line":124,"column":74}},"type":"binary-expr","locations":[{"start":{"line":124,"column":12},"end":{"line":124,"column":41}},{"start":{"line":124,"column":45},"end":{"line":124,"column":74}}],"line":124},"13":{"loc":{"start":{"line":128,"column":13},"end":{"line":141,"column":9}},"type":"if","locations":[{"start":{"line":128,"column":13},"end":{"line":141,"column":9}},{"start":{"line":128,"column":13},"end":{"line":141,"column":9}}],"line":128},"14":{"loc":{"start":{"line":131,"column":13},"end":{"line":141,"column":9}},"type":"if","locations":[{"start":{"line":131,"column":13},"end":{"line":141,"column":9}},{"start":{"line":131,"column":13},"end":{"line":141,"column":9}}],"line":131},"15":{"loc":{"start":{"line":135,"column":13},"end":{"line":141,"column":9}},"type":"if","locations":[{"start":{"line":135,"column":13},"end":{"line":141,"column":9}},{"start":{"line":135,"column":13},"end":{"line":141,"column":9}}],"line":135},"16":{"loc":{"start":{"line":139,"column":13},"end":{"line":141,"column":9}},"type":"if","locations":[{"start":{"line":139,"column":13},"end":{"line":141,"column":9}},{"start":{"line":139,"column":13},"end":{"line":141,"column":9}}],"line":139},"17":{"loc":{"start":{"line":164,"column":8},"end":{"line":192,"column":9}},"type":"if","locations":[{"start":{"line":164,"column":8},"end":{"line":192,"column":9}},{"start":{"line":164,"column":8},"end":{"line":192,"column":9}}],"line":164},"18":{"loc":{"start":{"line":164,"column":12},"end":{"line":164,"column":76}},"type":"binary-expr","locations":[{"start":{"line":164,"column":12},"end":{"line":164,"column":42}},{"start":{"line":164,"column":46},"end":{"line":164,"column":76}}],"line":164},"19":{"loc":{"start":{"line":171,"column":13},"end":{"line":192,"column":9}},"type":"if","locations":[{"start":{"line":171,"column":13},"end":{"line":192,"column":9}},{"start":{"line":171,"column":13},"end":{"line":192,"column":9}}],"line":171},"20":{"loc":{"start":{"line":171,"column":17},"end":{"line":171,"column":100}},"type":"binary-expr","locations":[{"start":{"line":171,"column":17},"end":{"line":171,"column":42}},{"start":{"line":171,"column":46},"end":{"line":171,"column":69}},{"start":{"line":171,"column":73},"end":{"line":171,"column":100}}],"line":171},"21":{"loc":{"start":{"line":182,"column":13},"end":{"line":192,"column":9}},"type":"if","locations":[{"start":{"line":182,"column":13},"end":{"line":192,"column":9}},{"start":{"line":182,"column":13},"end":{"line":192,"column":9}}],"line":182},"22":{"loc":{"start":{"line":182,"column":17},"end":{"line":182,"column":100}},"type":"binary-expr","locations":[{"start":{"line":182,"column":17},"end":{"line":182,"column":44}},{"start":{"line":182,"column":48},"end":{"line":182,"column":73}},{"start":{"line":182,"column":77},"end":{"line":182,"column":100}}],"line":182}},"s":{"0":15,"1":15,"2":0,"3":2,"4":2,"5":2,"6":1,"7":1,"8":2,"9":1,"10":1,"11":1,"12":0,"13":0,"14":1,"15":1,"16":1,"17":1,"18":0,"19":0,"20":0,"21":0,"22":0,"23":0,"24":0,"25":0,"26":0,"27":0,"28":1,"29":0,"30":0,"31":0,"32":0,"33":0,"34":0,"35":0,"36":0,"37":0,"38":0,"39":0,"40":0,"41":1,"42":1,"43":1,"44":1,"45":0,"46":0,"47":0,"48":0,"49":0,"50":0,"51":1,"52":0,"53":0,"54":0,"55":0,"56":0,"57":0,"58":0,"59":0,"60":0,"61":0,"62":1,"63":0,"64":0,"65":0,"66":0,"67":0,"68":0,"69":0,"70":0,"71":0,"72":0,"73":1,"74":1,"75":1,"76":1},"f":{"0":15,"1":0,"2":2,"3":2,"4":1,"5":0,"6":1},"b":{"0":[2,1],"1":[1,1],"2":[2,2],"3":[0,1],"4":[1,1],"5":[1,0],"6":[0,0],"7":[0,0],"8":[0,0],"9":[0,0],"10":[0,0],"11":[0,0],"12":[0,0],"13":[0,0],"14":[0,0],"15":[0,0],"16":[0,0],"17":[0,1],"18":[1,1],"19":[0,1],"20":[1,0,0],"21":[0,1],"22":[1,0,0]},"_coverageSchema":"43e27e138ebf9cfc5966b082cf9a028302ed4184","hash":"e91b000166762fb7bdf4b89b8d0525b770bd3961"}
,"/home/antoine/Bureau/MyGitHub/tp-jest/src/math.js": {"path":"/home/antoine/Bureau/MyGitHub/tp-jest/src/math.js","statementMap":{"0":{"start":{"line":1,"column":11},"end":{"line":1,"column":13}},"1":{"start":{"line":2,"column":0},"end":{"line":16,"column":2}},"2":{"start":{"line":3,"column":4},"end":{"line":5,"column":5}},"3":{"start":{"line":4,"column":8},"end":{"line":4,"column":17}},"4":{"start":{"line":7,"column":4},"end":{"line":9,"column":5}},"5":{"start":{"line":8,"column":8},"end":{"line":8,"column":27}},"6":{"start":{"line":11,"column":4},"end":{"line":13,"column":5}},"7":{"start":{"line":12,"column":8},"end":{"line":12,"column":29}},"8":{"start":{"line":15,"column":4},"end":{"line":15,"column":37}},"9":{"start":{"line":26,"column":0},"end":{"line":37,"column":2}},"10":{"start":{"line":27,"column":4},"end":{"line":29,"column":5}},"11":{"start":{"line":28,"column":8},"end":{"line":28,"column":21}},"12":{"start":{"line":30,"column":4},"end":{"line":32,"column":5}},"13":{"start":{"line":31,"column":8},"end":{"line":31,"column":49}},"14":{"start":{"line":33,"column":4},"end":{"line":34,"column":38}},"15":{"start":{"line":33,"column":17},"end":{"line":33,"column":18}},"16":{"start":{"line":34,"column":8},"end":{"line":34,"column":38}},"17":{"start":{"line":34,"column":25},"end":{"line":34,"column":38}},"18":{"start":{"line":35,"column":4},"end":{"line":35,"column":16}},"19":{"start":{"line":49,"column":0},"end":{"line":57,"column":2}},"20":{"start":{"line":50,"column":14},"end":{"line":50,"column":15}},"21":{"start":{"line":51,"column":4},"end":{"line":55,"column":5}},"22":{"start":{"line":51,"column":16},"end":{"line":51,"column":17}},"23":{"start":{"line":52,"column":8},"end":{"line":54,"column":9}},"24":{"start":{"line":53,"column":12},"end":{"line":53,"column":26}},"25":{"start":{"line":56,"column":4},"end":{"line":56,"column":15}},"26":{"start":{"line":71,"column":0},"end":{"line":88,"column":2}},"27":{"start":{"line":72,"column":18},"end":{"line":72,"column":20}},"28":{"start":{"line":73,"column":4},"end":{"line":86,"column":5}},"29":{"start":{"line":73,"column":16},"end":{"line":73,"column":17}},"30":{"start":{"line":74,"column":8},"end":{"line":85,"column":9}},"31":{"start":{"line":75,"column":12},"end":{"line":75,"column":37}},"32":{"start":{"line":77,"column":13},"end":{"line":85,"column":9}},"33":{"start":{"line":78,"column":12},"end":{"line":78,"column":33}},"34":{"start":{"line":80,"column":13},"end":{"line":85,"column":9}},"35":{"start":{"line":81,"column":12},"end":{"line":81,"column":33}},"36":{"start":{"line":84,"column":12},"end":{"line":84,"column":28}},"37":{"start":{"line":87,"column":0},"end":{"line":87,"column":15}},"38":{"start":{"line":100,"column":0},"end":{"line":102,"column":2}},"39":{"start":{"line":105,"column":0},"end":{"line":105,"column":22}}},"fnMap":{"0":{"name":"(anonymous_0)","decl":{"start":{"line":2,"column":17},"end":{"line":2,"column":18}},"loc":{"start":{"line":2,"column":24},"end":{"line":16,"column":1}},"line":2},"1":{"name":"(anonymous_1)","decl":{"start":{"line":26,"column":15},"end":{"line":26,"column":16}},"loc":{"start":{"line":26,"column":28},"end":{"line":37,"column":1}},"line":26},"2":{"name":"(anonymous_2)","decl":{"start":{"line":49,"column":16},"end":{"line":49,"column":17}},"loc":{"start":{"line":49,"column":28},"end":{"line":57,"column":1}},"line":49},"3":{"name":"(anonymous_3)","decl":{"start":{"line":71,"column":16},"end":{"line":71,"column":17}},"loc":{"start":{"line":71,"column":28},"end":{"line":88,"column":1}},"line":71},"4":{"name":"(anonymous_4)","decl":{"start":{"line":100,"column":14},"end":{"line":100,"column":15}},"loc":{"start":{"line":100,"column":32},"end":{"line":102,"column":1}},"line":100}},"branchMap":{"0":{"loc":{"start":{"line":3,"column":4},"end":{"line":5,"column":5}},"type":"if","locations":[{"start":{"line":3,"column":4},"end":{"line":5,"column":5}},{"start":{"line":3,"column":4},"end":{"line":5,"column":5}}],"line":3},"1":{"loc":{"start":{"line":7,"column":4},"end":{"line":9,"column":5}},"type":"if","locations":[{"start":{"line":7,"column":4},"end":{"line":9,"column":5}},{"start":{"line":7,"column":4},"end":{"line":9,"column":5}}],"line":7},"2":{"loc":{"start":{"line":11,"column":4},"end":{"line":13,"column":5}},"type":"if","locations":[{"start":{"line":11,"column":4},"end":{"line":13,"column":5}},{"start":{"line":11,"column":4},"end":{"line":13,"column":5}}],"line":11},"3":{"loc":{"start":{"line":27,"column":4},"end":{"line":29,"column":5}},"type":"if","locations":[{"start":{"line":27,"column":4},"end":{"line":29,"column":5}},{"start":{"line":27,"column":4},"end":{"line":29,"column":5}}],"line":27},"4":{"loc":{"start":{"line":27,"column":8},"end":{"line":27,"column":26}},"type":"binary-expr","locations":[{"start":{"line":27,"column":8},"end":{"line":27,"column":15}},{"start":{"line":27,"column":19},"end":{"line":27,"column":26}}],"line":27},"5":{"loc":{"start":{"line":30,"column":4},"end":{"line":32,"column":5}},"type":"if","locations":[{"start":{"line":30,"column":4},"end":{"line":32,"column":5}},{"start":{"line":30,"column":4},"end":{"line":32,"column":5}}],"line":30},"6":{"loc":{"start":{"line":34,"column":8},"end":{"line":34,"column":38}},"type":"if","locations":[{"start":{"line":34,"column":8},"end":{"line":34,"column":38}},{"start":{"line":34,"column":8},"end":{"line":34,"column":38}}],"line":34},"7":{"loc":{"start":{"line":52,"column":8},"end":{"line":54,"column":9}},"type":"if","locations":[{"start":{"line":52,"column":8},"end":{"line":54,"column":9}},{"start":{"line":52,"column":8},"end":{"line":54,"column":9}}],"line":52},"8":{"loc":{"start":{"line":74,"column":8},"end":{"line":85,"column":9}},"type":"if","locations":[{"start":{"line":74,"column":8},"end":{"line":85,"column":9}},{"start":{"line":74,"column":8},"end":{"line":85,"column":9}}],"line":74},"9":{"loc":{"start":{"line":77,"column":13},"end":{"line":85,"column":9}},"type":"if","locations":[{"start":{"line":77,"column":13},"end":{"line":85,"column":9}},{"start":{"line":77,"column":13},"end":{"line":85,"column":9}}],"line":77},"10":{"loc":{"start":{"line":80,"column":13},"end":{"line":85,"column":9}},"type":"if","locations":[{"start":{"line":80,"column":13},"end":{"line":85,"column":9}},{"start":{"line":80,"column":13},"end":{"line":85,"column":9}}],"line":80}},"s":{"0":1,"1":1,"2":11,"3":3,"4":8,"5":1,"6":7,"7":1,"8":6,"9":1,"10":21,"11":2,"12":19,"13":1,"14":18,"15":18,"16":92,"17":7,"18":11,"19":1,"20":2,"21":2,"22":2,"23":12,"24":7,"25":2,"26":1,"27":1,"28":1,"29":1,"30":15,"31":1,"32":14,"33":2,"34":12,"35":4,"36":8,"37":1,"38":1,"39":1},"f":{"0":11,"1":21,"2":2,"3":1,"4":0},"b":{"0":[3,8],"1":[1,7],"2":[1,6],"3":[2,19],"4":[21,20],"5":[1,18],"6":[7,85],"7":[7,5],"8":[1,14],"9":[2,12],"10":[4,8]},"_coverageSchema":"43e27e138ebf9cfc5966b082cf9a028302ed4184","hash":"bc807eb9b13209dbf336f44c2107f3312fb1ba5a"}
}
