{"/home/antoine/Bureau/MyGitHub/tp-jest/src/book.repository.js": {"path":"/home/antoine/Bureau/MyGitHub/tp-jest/src/book.repository.js","statementMap":{"0":{"start":{"line":7,"column":8},"end":{"line":7,"column":21}},"1":{"start":{"line":11,"column":8},"end":{"line":11,"column":48}},"2":{"start":{"line":18,"column":20},"end":{"line":18,"column":55}},"3":{"start":{"line":19,"column":8},"end":{"line":19,"column":21}},"4":{"start":{"line":26,"column":8},"end":{"line":26,"column":14}},"5":{"start":{"line":63,"column":0},"end":{"line":63,"column":32}}},"fnMap":{"0":{"name":"(anonymous_0)","decl":{"start":{"line":6,"column":4},"end":{"line":6,"column":5}},"loc":{"start":{"line":6,"column":20},"end":{"line":8,"column":5}},"line":6},"1":{"name":"(anonymous_1)","decl":{"start":{"line":10,"column":4},"end":{"line":10,"column":5}},"loc":{"start":{"line":10,"column":16},"end":{"line":12,"column":5}},"line":10},"2":{"name":"(anonymous_2)","decl":{"start":{"line":17,"column":4},"end":{"line":17,"column":5}},"loc":{"start":{"line":17,"column":20},"end":{"line":20,"column":5}},"line":17},"3":{"name":"(anonymous_3)","decl":{"start":{"line":25,"column":4},"end":{"line":25,"column":5}},"loc":{"start":{"line":25,"column":20},"end":{"line":27,"column":5}},"line":25},"4":{"name":"(anonymous_4)","decl":{"start":{"line":33,"column":4},"end":{"line":33,"column":5}},"loc":{"start":{"line":33,"column":28},"end":{"line":35,"column":5}},"line":33},"5":{"name":"(anonymous_5)","decl":{"start":{"line":56,"column":4},"end":{"line":56,"column":5}},"loc":{"start":{"line":56,"column":38},"end":{"line":58,"column":5}},"line":56}},"branchMap":{},"s":{"0":2,"1":1,"2":1,"3":1,"4":0,"5":1},"f":{"0":2,"1":1,"2":1,"3":0,"4":0,"5":0},"b":{},"_coverageSchema":"43e27e138ebf9cfc5966b082cf9a028302ed4184","hash":"dd0dfa521300e64e22f8559d2861d701feba6f9e"}
}
