TN:
SF:/home/antoine/Bureau/MyGitHub/tp-jest/sum.js
FN:1,sum
FN:5,fizzBuzz
FNF:2
FNH:1
FNDA:1,sum
FNDA:0,fizzBuzz
DA:2,1
DA:6,0
DA:7,0
DA:8,0
DA:9,0
DA:11,0
DA:12,0
DA:14,0
DA:15,0
DA:18,0
DA:21,0
DA:24,1
DA:27,1
DA:28,1
DA:30,1
DA:31,15
DA:32,15
DA:41,1
LF:18
LH:8
BRDA:8,0,0,0
BRDA:8,0,1,0
BRDA:11,1,0,0
BRDA:11,1,1,0
BRDA:14,2,0,0
BRDA:14,2,1,0
BRF:6
BRH:0
end_of_record
TN:
SF:/home/antoine/Bureau/MyGitHub/tp-jest/src/book.repository.js
FN:6,(anonymous_0)
FN:10,(anonymous_1)
FN:17,(anonymous_2)
FN:25,(anonymous_3)
FN:38,(anonymous_4)
FN:67,(anonymous_5)
FNF:6
FNH:3
FNDA:2,(anonymous_0)
FNDA:1,(anonymous_1)
FNDA:1,(anonymous_2)
FNDA:0,(anonymous_3)
FNDA:0,(anonymous_4)
FNDA:0,(anonymous_5)
DA:7,2
DA:11,1
DA:18,1
DA:19,1
DA:26,0
DA:27,0
DA:28,0
DA:29,0
DA:31,0
DA:39,0
DA:40,0
DA:41,0
DA:42,0
DA:45,0
DA:74,1
LF:15
LH:5
BRF:0
BRH:0
end_of_record
TN:
SF:/home/antoine/Bureau/MyGitHub/tp-jest/src/interval.js
FN:2,(anonymous_0)
FN:9,(anonymous_1)
FN:27,(anonymous_2)
FN:47,(anonymous_3)
FN:73,(anonymous_4)
FN:120,(anonymous_5)
FN:160,(anonymous_6)
FNF:7
FNH:5
FNDA:15,(anonymous_0)
FNDA:0,(anonymous_1)
FNDA:2,(anonymous_2)
FNDA:2,(anonymous_3)
FNDA:1,(anonymous_4)
FNDA:0,(anonymous_5)
FNDA:1,(anonymous_6)
DA:3,15
DA:4,15
DA:10,0
DA:28,2
DA:48,2
DA:49,2
DA:50,1
DA:52,1
DA:54,2
DA:74,1
DA:75,1
DA:77,1
DA:78,0
DA:79,0
DA:82,1
DA:83,1
DA:84,1
DA:85,1
DA:87,0
DA:88,0
DA:89,0
DA:90,0
DA:92,0
DA:93,0
DA:94,0
DA:96,0
DA:97,0
DA:98,0
DA:101,1
DA:121,0
DA:122,0
DA:124,0
DA:125,0
DA:128,0
DA:129,0
DA:131,0
DA:132,0
DA:135,0
DA:136,0
DA:139,0
DA:140,0
DA:161,1
DA:162,1
DA:163,1
DA:164,1
DA:165,0
DA:166,0
DA:167,0
DA:168,0
DA:169,0
DA:171,1
DA:172,0
DA:173,0
DA:174,0
DA:175,0
DA:176,0
DA:177,0
DA:178,0
DA:179,0
DA:180,0
DA:182,1
DA:183,0
DA:184,0
DA:185,0
DA:186,0
DA:187,0
DA:188,0
DA:189,0
DA:190,0
DA:191,0
DA:196,1
DA:197,1
DA:199,1
DA:201,1
LF:74
LH:26
BRDA:28,0,0,2
BRDA:28,0,1,1
BRDA:49,1,0,1
BRDA:49,1,1,1
BRDA:49,2,0,2
BRDA:49,2,1,2
BRDA:77,3,0,0
BRDA:77,3,1,1
BRDA:77,4,0,1
BRDA:77,4,1,1
BRDA:82,5,0,1
BRDA:82,5,1,0
BRDA:87,6,0,0
BRDA:87,6,1,0
BRDA:92,7,0,0
BRDA:92,7,1,0
BRDA:92,8,0,0
BRDA:92,8,1,0
BRDA:96,9,0,0
BRDA:96,9,1,0
BRDA:96,10,0,0
BRDA:96,10,1,0
BRDA:124,11,0,0
BRDA:124,11,1,0
BRDA:124,12,0,0
BRDA:124,12,1,0
BRDA:128,13,0,0
BRDA:128,13,1,0
BRDA:131,14,0,0
BRDA:131,14,1,0
BRDA:135,15,0,0
BRDA:135,15,1,0
BRDA:139,16,0,0
BRDA:139,16,1,0
BRDA:164,17,0,0
BRDA:164,17,1,1
BRDA:164,18,0,1
BRDA:164,18,1,1
BRDA:171,19,0,0
BRDA:171,19,1,1
BRDA:171,20,0,1
BRDA:171,20,1,0
BRDA:171,20,2,0
BRDA:182,21,0,0
BRDA:182,21,1,1
BRDA:182,22,0,1
BRDA:182,22,1,0
BRDA:182,22,2,0
BRF:48
BRH:17
end_of_record
TN:
SF:/home/antoine/Bureau/MyGitHub/tp-jest/src/math.js
FN:2,(anonymous_0)
FN:26,(anonymous_1)
FN:49,(anonymous_2)
FN:71,(anonymous_3)
FN:100,(anonymous_4)
FNF:5
FNH:4
FNDA:11,(anonymous_0)
FNDA:21,(anonymous_1)
FNDA:2,(anonymous_2)
FNDA:1,(anonymous_3)
FNDA:0,(anonymous_4)
DA:1,1
DA:2,1
DA:3,11
DA:4,3
DA:7,8
DA:8,1
DA:11,7
DA:12,1
DA:15,6
DA:26,1
DA:27,21
DA:28,2
DA:30,19
DA:31,1
DA:33,18
DA:34,92
DA:35,11
DA:49,1
DA:50,2
DA:51,2
DA:52,12
DA:53,7
DA:56,2
DA:71,1
DA:72,1
DA:73,1
DA:74,15
DA:75,1
DA:77,14
DA:78,2
DA:80,12
DA:81,4
DA:84,8
DA:87,1
DA:100,1
DA:105,1
LF:36
LH:36
BRDA:3,0,0,3
BRDA:3,0,1,8
BRDA:7,1,0,1
BRDA:7,1,1,7
BRDA:11,2,0,1
BRDA:11,2,1,6
BRDA:27,3,0,2
BRDA:27,3,1,19
BRDA:27,4,0,21
BRDA:27,4,1,20
BRDA:30,5,0,1
BRDA:30,5,1,18
BRDA:34,6,0,7
BRDA:34,6,1,85
BRDA:52,7,0,7
BRDA:52,7,1,5
BRDA:74,8,0,1
BRDA:74,8,1,14
BRDA:77,9,0,2
BRDA:77,9,1,12
BRDA:80,10,0,4
BRDA:80,10,1,8
BRF:22
BRH:22
end_of_record
