TN:
SF:/home/antoine/Bureau/MyGitHub/tp-jest/sum.js
FN:1,sum
FN:5,fizzBuzz
FNF:2
FNH:1
FNDA:1,sum
FNDA:0,fizzBuzz
DA:2,1
DA:6,0
DA:7,0
DA:8,0
DA:9,0
DA:11,0
DA:12,0
DA:14,0
DA:15,0
DA:18,0
DA:21,0
DA:24,1
DA:27,1
DA:28,1
DA:30,1
DA:31,15
DA:32,15
DA:41,1
LF:18
LH:8
BRDA:8,0,0,0
BRDA:8,0,1,0
BRDA:11,1,0,0
BRDA:11,1,1,0
BRDA:14,2,0,0
BRDA:14,2,1,0
BRF:6
BRH:0
end_of_record
TN:
SF:/home/antoine/Bureau/MyGitHub/tp-jest/src/interval.js
FN:2,(anonymous_0)
FN:7,(anonymous_1)
FN:25,(anonymous_2)
FN:45,(anonymous_3)
FN:65,(anonymous_4)
FN:102,(anonymous_5)
FN:123,(anonymous_6)
FNF:7
FNH:3
FNDA:8,(anonymous_0)
FNDA:0,(anonymous_1)
FNDA:2,(anonymous_2)
FNDA:2,(anonymous_3)
FNDA:0,(anonymous_4)
FNDA:0,(anonymous_5)
FNDA:0,(anonymous_6)
DA:3,8
DA:4,8
DA:8,0
DA:26,2
DA:46,2
DA:66,0
DA:68,0
DA:69,0
DA:70,0
DA:72,0
DA:73,0
DA:74,0
DA:75,0
DA:76,0
DA:77,0
DA:78,0
DA:79,0
DA:80,0
DA:81,0
DA:83,0
DA:103,0
DA:128,1
LF:22
LH:5
BRDA:26,0,0,2
BRDA:26,0,1,1
BRDA:46,1,0,2
BRDA:46,1,1,1
BRDA:68,2,0,0
BRDA:68,2,1,0
BRDA:68,3,0,0
BRDA:68,3,1,0
BRDA:72,4,0,0
BRDA:72,4,1,0
BRDA:77,5,0,0
BRDA:77,5,1,0
BRF:12
BRH:4
end_of_record
TN:
SF:/home/antoine/Bureau/MyGitHub/tp-jest/src/math.js
FN:2,(anonymous_0)
FN:26,(anonymous_1)
FN:49,(anonymous_2)
FN:71,(anonymous_3)
FN:100,(anonymous_4)
FNF:5
FNH:4
FNDA:11,(anonymous_0)
FNDA:21,(anonymous_1)
FNDA:2,(anonymous_2)
FNDA:1,(anonymous_3)
FNDA:0,(anonymous_4)
DA:1,1
DA:2,1
DA:3,11
DA:4,3
DA:7,8
DA:8,1
DA:11,7
DA:12,1
DA:15,6
DA:26,1
DA:27,21
DA:28,2
DA:30,19
DA:31,1
DA:33,18
DA:34,92
DA:35,11
DA:49,1
DA:50,2
DA:51,2
DA:52,12
DA:53,7
DA:56,2
DA:71,1
DA:72,1
DA:73,1
DA:74,15
DA:75,1
DA:77,14
DA:78,2
DA:80,12
DA:81,4
DA:84,8
DA:87,1
DA:100,1
DA:105,1
LF:36
LH:36
BRDA:3,0,0,3
BRDA:3,0,1,8
BRDA:7,1,0,1
BRDA:7,1,1,7
BRDA:11,2,0,1
BRDA:11,2,1,6
BRDA:27,3,0,2
BRDA:27,3,1,19
BRDA:27,4,0,21
BRDA:27,4,1,20
BRDA:30,5,0,1
BRDA:30,5,1,18
BRDA:34,6,0,7
BRDA:34,6,1,85
BRDA:52,7,0,7
BRDA:52,7,1,5
BRDA:74,8,0,1
BRDA:74,8,1,14
BRDA:77,9,0,2
BRDA:77,9,1,12
BRDA:80,10,0,4
BRDA:80,10,1,8
BRF:22
BRH:22
end_of_record
